[2017-10-02 23:01:01.237] [INFO] default - listener for event[testtarget2] started 
[2017-10-02 23:01:01.241] [DEBUG] default - ./services/testdir walked
[2017-10-02 23:01:01.242] [INFO] default - listener for event[testtarget1] started 
[2017-10-02 23:01:01.242] [DEBUG] default - ./services walked
[2017-10-02 23:01:01.242] [INFO] default - all listeners started
[2017-10-02 23:01:01.242] [DEBUG] default - --------------------listeners for [testtarget2] :--------------------
[2017-10-02 23:01:01.243] [DEBUG] default - (headers, body) => {
  logger.debug(`event[${NAME}] triggered`)
  let eid = 'response-' + headers.r_id
  setTimeout(() => {
    emitter.emit(eid, body)
    let num = emitter.listenerCount(eid)
    logger.debug(`event[${eid}] emited, [${num}] listeners listening`)
  }, 30)
}
[2017-10-02 23:01:01.243] [DEBUG] default - --------------------------------------------------
[2017-10-02 23:01:01.243] [DEBUG] default - --------------------listeners for [testtarget1] :--------------------
[2017-10-02 23:01:01.243] [DEBUG] default - (headers, body) => {
  logger.debug(`event[${NAME}] triggered`)
  let eid = 'response-' + headers.r_id
  setTimeout(() => {
    let num = emitter.listenerCount(eid)
    logger.debug(`event[${eid}] emited, [${num}] listeners listening`)
    emitter.emit(eid, body)
  }, 300)
}
[2017-10-02 23:01:01.243] [DEBUG] default - --------------------------------------------------
[2017-10-02 23:01:01.244] [INFO] default - Server started. Listening on port 3000.
[2017-10-02 23:01:04.550] [DEBUG] default - listener for event[response-831e5640-a782-11e7-9de6-0b173964af65] started
[2017-10-02 23:01:04.551] [DEBUG] default - evnet[testtarget1] emitting, [1] listeners listening
[2017-10-02 23:01:04.551] [DEBUG] default - event[testtarget1] triggered
[2017-10-02 23:01:04.856] [DEBUG] default - event[response-831e5640-a782-11e7-9de6-0b173964af65] emited, [1] listeners listening
[2017-10-02 23:01:04.857] [DEBUG] default - event[response-831e5640-a782-11e7-9de6-0b173964af65] triggered and then removed
[2017-10-02 23:01:04.865] [INFO] default - Request[831e5640-a782-11e7-9de6-0b173964af65] processed completely in 317ms
[2017-10-02 23:01:29.565] [DEBUG] default - listener for event[response-920779c0-a782-11e7-9de6-0b173964af65] started
[2017-10-02 23:01:29.565] [DEBUG] default - evnet[testtarget1] emitting, [1] listeners listening
[2017-10-02 23:01:29.565] [DEBUG] default - event[testtarget1] triggered
[2017-10-02 23:01:29.871] [DEBUG] default - event[response-920779c0-a782-11e7-9de6-0b173964af65] emited, [1] listeners listening
[2017-10-02 23:01:29.871] [DEBUG] default - event[response-920779c0-a782-11e7-9de6-0b173964af65] triggered and then removed
[2017-10-02 23:01:29.875] [INFO] default - Request[920779c0-a782-11e7-9de6-0b173964af65] processed completely in 311ms
[2017-10-02 23:03:01.259] [DEBUG] default - listener for event[response-c8af05b0-a782-11e7-9de6-0b173964af65] started
[2017-10-02 23:03:01.260] [DEBUG] default - evnet[testtarget2] emitting, [1] listeners listening
[2017-10-02 23:03:01.260] [DEBUG] default - event[testtarget2] triggered
[2017-10-02 23:03:01.293] [DEBUG] default - event[response-c8af05b0-a782-11e7-9de6-0b173964af65] triggered and then removed
[2017-10-02 23:03:01.297] [INFO] default - Request[c8af05b0-a782-11e7-9de6-0b173964af65] processed completely in 38ms
[2017-10-02 23:03:01.297] [DEBUG] default - event[response-c8af05b0-a782-11e7-9de6-0b173964af65] emited, [0] listeners listening
